{
  "/Users/menduz/code/metaverse-rpc/src/host/API.ts": {
    "path": "/Users/menduz/code/metaverse-rpc/src/host/API.ts",
    "statementMap": {
      "0": {
        "start": {
          "line": 6,
          "column": 18
        },
        "end": {
          "line": 6,
          "column": 60
        }
      },
      "1": {
        "start": {
          "line": 8,
          "column": 28
        },
        "end": {
          "line": 8,
          "column": 72
        }
      },
      "2": {
        "start": {
          "line": 15,
          "column": 2
        },
        "end": {
          "line": 15,
          "column": 44
        }
      },
      "3": {
        "start": {
          "line": 19,
          "column": 27
        },
        "end": {
          "line": 19,
          "column": 35
        }
      },
      "4": {
        "start": {
          "line": 20,
          "column": 2
        },
        "end": {
          "line": 20,
          "column": 82
        }
      },
      "5": {
        "start": {
          "line": 21,
          "column": 2
        },
        "end": {
          "line": 21,
          "column": 41
        }
      },
      "6": {
        "start": {
          "line": 25,
          "column": 2
        },
        "end": {
          "line": 46,
          "column": 3
        }
      },
      "7": {
        "start": {
          "line": 30,
          "column": 26
        },
        "end": {
          "line": 30,
          "column": 54
        }
      },
      "8": {
        "start": {
          "line": 31,
          "column": 27
        },
        "end": {
          "line": 31,
          "column": 44
        }
      },
      "9": {
        "start": {
          "line": 33,
          "column": 4
        },
        "end": {
          "line": 45,
          "column": 5
        }
      },
      "10": {
        "start": {
          "line": 36,
          "column": 20
        },
        "end": {
          "line": 36,
          "column": 37
        }
      },
      "11": {
        "start": {
          "line": 38,
          "column": 8
        },
        "end": {
          "line": 40,
          "column": 9
        }
      },
      "12": {
        "start": {
          "line": 39,
          "column": 10
        },
        "end": {
          "line": 39,
          "column": 65
        }
      },
      "13": {
        "start": {
          "line": 42,
          "column": 8
        },
        "end": {
          "line": 42,
          "column": 22
        }
      },
      "14": {
        "start": {
          "line": 43,
          "column": 8
        },
        "end": {
          "line": 43,
          "column": 51
        }
      },
      "15": {
        "start": {
          "line": 50,
          "column": 2
        },
        "end": {
          "line": 78,
          "column": 3
        }
      },
      "16": {
        "start": {
          "line": 55,
          "column": 26
        },
        "end": {
          "line": 55,
          "column": 54
        }
      },
      "17": {
        "start": {
          "line": 56,
          "column": 27
        },
        "end": {
          "line": 56,
          "column": 44
        }
      },
      "18": {
        "start": {
          "line": 57,
          "column": 16
        },
        "end": {
          "line": 57,
          "column": 17
        }
      },
      "19": {
        "start": {
          "line": 59,
          "column": 4
        },
        "end": {
          "line": 77,
          "column": 5
        }
      },
      "20": {
        "start": {
          "line": 62,
          "column": 20
        },
        "end": {
          "line": 62,
          "column": 37
        }
      },
      "21": {
        "start": {
          "line": 64,
          "column": 8
        },
        "end": {
          "line": 67,
          "column": 9
        }
      },
      "22": {
        "start": {
          "line": 65,
          "column": 10
        },
        "end": {
          "line": 65,
          "column": 19
        }
      },
      "23": {
        "start": {
          "line": 66,
          "column": 10
        },
        "end": {
          "line": 66,
          "column": 24
        }
      },
      "24": {
        "start": {
          "line": 69,
          "column": 8
        },
        "end": {
          "line": 71,
          "column": 9
        }
      },
      "25": {
        "start": {
          "line": 70,
          "column": 10
        },
        "end": {
          "line": 70,
          "column": 80
        }
      },
      "26": {
        "start": {
          "line": 73,
          "column": 8
        },
        "end": {
          "line": 73,
          "column": 15
        }
      },
      "27": {
        "start": {
          "line": 75,
          "column": 8
        },
        "end": {
          "line": 75,
          "column": 51
        }
      },
      "28": {
        "start": {
          "line": 130,
          "column": 24
        },
        "end": {
          "line": 130,
          "column": 43
        }
      },
      "29": {
        "start": {
          "line": 131,
          "column": 4
        },
        "end": {
          "line": 138,
          "column": 5
        }
      },
      "30": {
        "start": {
          "line": 132,
          "column": 29
        },
        "end": {
          "line": 132,
          "column": 45
        }
      },
      "31": {
        "start": {
          "line": 133,
          "column": 6
        },
        "end": {
          "line": 137,
          "column": 7
        }
      },
      "32": {
        "start": {
          "line": 134,
          "column": 8
        },
        "end": {
          "line": 136,
          "column": 9
        }
      },
      "33": {
        "start": {
          "line": 135,
          "column": 10
        },
        "end": {
          "line": 135,
          "column": 63
        }
      },
      "34": {
        "start": {
          "line": 142,
          "column": 4
        },
        "end": {
          "line": 142,
          "column": 28
        }
      },
      "35": {
        "start": {
          "line": 128,
          "column": 9
        },
        "end": {
          "line": 128,
          "column": 30
        }
      }
    },
    "fnMap": {
      "0": {
        "name": "exposeMethod",
        "decl": {
          "start": {
            "line": 10,
            "column": 16
          },
          "end": {
            "line": 10,
            "column": 28
          }
        },
        "loc": {
          "start": {
            "line": 13,
            "column": 54
          },
          "end": {
            "line": 16,
            "column": 1
          }
        }
      },
      "1": {
        "name": "getExposedMethods",
        "decl": {
          "start": {
            "line": 18,
            "column": 16
          },
          "end": {
            "line": 18,
            "column": 33
          }
        },
        "loc": {
          "start": {
            "line": 18,
            "column": 60
          },
          "end": {
            "line": 22,
            "column": 1
          }
        }
      },
      "2": {
        "name": "rateLimit",
        "decl": {
          "start": {
            "line": 24,
            "column": 16
          },
          "end": {
            "line": 24,
            "column": 25
          }
        },
        "loc": {
          "start": {
            "line": 24,
            "column": 51
          },
          "end": {
            "line": 47,
            "column": 1
          }
        }
      },
      "3": {
        "name": "(anonymous_3)",
        "decl": {
          "start": {
            "line": 25,
            "column": 9
          },
          "end": {
            "line": 26,
            "column": 3
          }
        },
        "loc": {
          "start": {
            "line": 28,
            "column": 80
          },
          "end": {
            "line": 46,
            "column": 3
          }
        }
      },
      "4": {
        "name": "(anonymous_4)",
        "decl": {
          "start": {
            "line": 35,
            "column": 13
          },
          "end": {
            "line": null,
            "column": -1
          }
        },
        "loc": {
          "start": {
            "line": 35,
            "column": 13
          },
          "end": {
            "line": 44,
            "column": 7
          }
        }
      },
      "5": {
        "name": "throttle",
        "decl": {
          "start": {
            "line": 49,
            "column": 16
          },
          "end": {
            "line": 49,
            "column": 24
          }
        },
        "loc": {
          "start": {
            "line": 49,
            "column": 69
          },
          "end": {
            "line": 79,
            "column": 1
          }
        }
      },
      "6": {
        "name": "(anonymous_6)",
        "decl": {
          "start": {
            "line": 50,
            "column": 9
          },
          "end": {
            "line": 51,
            "column": 3
          }
        },
        "loc": {
          "start": {
            "line": 53,
            "column": 80
          },
          "end": {
            "line": 78,
            "column": 3
          }
        }
      },
      "7": {
        "name": "(anonymous_7)",
        "decl": {
          "start": {
            "line": 61,
            "column": 13
          },
          "end": {
            "line": null,
            "column": -1
          }
        },
        "loc": {
          "start": {
            "line": 61,
            "column": 13
          },
          "end": {
            "line": 76,
            "column": 7
          }
        }
      },
      "8": {
        "name": "(anonymous_8)",
        "decl": {
          "start": {
            "line": 130,
            "column": 2
          },
          "end": {
            "line": 130,
            "column": 23
          }
        },
        "loc": {
          "start": {
            "line": 130,
            "column": 43
          },
          "end": {
            "line": 139,
            "column": 3
          }
        }
      },
      "9": {
        "name": "(anonymous_9)",
        "decl": {
          "start": {
            "line": 141,
            "column": 2
          },
          "end": {
            "line": 141,
            "column": 7
          }
        },
        "loc": {
          "start": {
            "line": 141,
            "column": 57
          },
          "end": {
            "line": 143,
            "column": 3
          }
        }
      }
    },
    "branchMap": {
      "0": {
        "loc": {
          "start": {
            "line": 6,
            "column": 18
          },
          "end": {
            "line": 6,
            "column": 46
          }
        },
        "type": "binary-expr",
        "locations": [
          {
            "start": {
              "line": 6,
              "column": 18
            },
            "end": {
              "line": 6,
              "column": 46
            }
          },
          {
            "start": {
              "line": 6,
              "column": 50
            },
            "end": {
              "line": 6,
              "column": 60
            }
          }
        ]
      },
      "1": {
        "loc": {
          "start": {
            "line": 8,
            "column": 40
          },
          "end": {
            "line": 8,
            "column": 63
          }
        },
        "type": "cond-expr",
        "locations": [
          {
            "start": {
              "line": 8,
              "column": 40
            },
            "end": {
              "line": 8,
              "column": 63
            }
          },
          {
            "start": {
              "line": 8,
              "column": 66
            },
            "end": {
              "line": 8,
              "column": 72
            }
          }
        ]
      },
      "2": {
        "loc": {
          "start": {
            "line": 20,
            "column": 37
          },
          "end": {
            "line": 20,
            "column": 69
          }
        },
        "type": "binary-expr",
        "locations": [
          {
            "start": {
              "line": 20,
              "column": 37
            },
            "end": {
              "line": 20,
              "column": 69
            }
          },
          {
            "start": {
              "line": 20,
              "column": 73
            },
            "end": {
              "line": 20,
              "column": 82
            }
          }
        ]
      },
      "3": {
        "loc": {
          "start": {
            "line": 24,
            "column": 48
          },
          "end": {
            "line": 24,
            "column": 51
          }
        },
        "type": "default-arg",
        "locations": [
          {
            "start": {
              "line": 24,
              "column": 48
            },
            "end": {
              "line": 24,
              "column": 51
            }
          }
        ]
      },
      "4": {
        "loc": {
          "start": {
            "line": 38,
            "column": 8
          },
          "end": {
            "line": 40,
            "column": 9
          }
        },
        "type": "if",
        "locations": [
          {
            "start": {
              "line": 38,
              "column": 8
            },
            "end": {
              "line": 40,
              "column": 9
            }
          },
          {
            "start": {
              "line": 38,
              "column": 8
            },
            "end": {
              "line": 40,
              "column": 9
            }
          }
        ]
      },
      "5": {
        "loc": {
          "start": {
            "line": 49,
            "column": 66
          },
          "end": {
            "line": 49,
            "column": 69
          }
        },
        "type": "default-arg",
        "locations": [
          {
            "start": {
              "line": 49,
              "column": 66
            },
            "end": {
              "line": 49,
              "column": 69
            }
          }
        ]
      },
      "6": {
        "loc": {
          "start": {
            "line": 64,
            "column": 8
          },
          "end": {
            "line": 67,
            "column": 9
          }
        },
        "type": "if",
        "locations": [
          {
            "start": {
              "line": 64,
              "column": 8
            },
            "end": {
              "line": 67,
              "column": 9
            }
          },
          {
            "start": {
              "line": 64,
              "column": 8
            },
            "end": {
              "line": 67,
              "column": 9
            }
          }
        ]
      },
      "7": {
        "loc": {
          "start": {
            "line": 69,
            "column": 8
          },
          "end": {
            "line": 71,
            "column": 9
          }
        },
        "type": "if",
        "locations": [
          {
            "start": {
              "line": 69,
              "column": 8
            },
            "end": {
              "line": 71,
              "column": 9
            }
          },
          {
            "start": {
              "line": 69,
              "column": 8
            },
            "end": {
              "line": 71,
              "column": 9
            }
          }
        ]
      },
      "8": {
        "loc": {
          "start": {
            "line": 133,
            "column": 6
          },
          "end": {
            "line": 137,
            "column": 7
          }
        },
        "type": "if",
        "locations": [
          {
            "start": {
              "line": 133,
              "column": 6
            },
            "end": {
              "line": 137,
              "column": 7
            }
          },
          {
            "start": {
              "line": 133,
              "column": 6
            },
            "end": {
              "line": 137,
              "column": 7
            }
          }
        ]
      },
      "9": {
        "loc": {
          "start": {
            "line": 134,
            "column": 8
          },
          "end": {
            "line": 136,
            "column": 9
          }
        },
        "type": "if",
        "locations": [
          {
            "start": {
              "line": 134,
              "column": 8
            },
            "end": {
              "line": 136,
              "column": 9
            }
          },
          {
            "start": {
              "line": 134,
              "column": 8
            },
            "end": {
              "line": 136,
              "column": 9
            }
          }
        ]
      }
    },
    "s": {
      "0": 1,
      "1": 1,
      "2": 39,
      "3": 165,
      "4": 165,
      "5": 165,
      "6": 1,
      "7": 1,
      "8": 1,
      "9": 1,
      "10": 20,
      "11": 20,
      "12": 10,
      "13": 10,
      "14": 10,
      "15": 1,
      "16": 1,
      "17": 1,
      "18": 1,
      "19": 1,
      "20": 18,
      "21": 18,
      "22": 4,
      "23": 4,
      "24": 18,
      "25": 2,
      "26": 16,
      "27": 16,
      "28": 126,
      "29": 126,
      "30": 577,
      "31": 577,
      "32": 577,
      "33": 577,
      "34": 126,
      "35": 1
    },
    "f": {
      "0": 39,
      "1": 165,
      "2": 1,
      "3": 1,
      "4": 20,
      "5": 1,
      "6": 1,
      "7": 18,
      "8": 126,
      "9": 126
    },
    "b": {
      "0": [
        1,
        1
      ],
      "1": [
        1,
        0
      ],
      "2": [
        165,
        15
      ],
      "3": [
        0
      ],
      "4": [
        10,
        10
      ],
      "5": [
        0
      ],
      "6": [
        4,
        14
      ],
      "7": [
        2,
        16
      ],
      "8": [
        577,
        0
      ],
      "9": [
        577,
        0
      ]
    }
  },
  "/Users/menduz/code/metaverse-rpc/src/common/core/EventDispatcher.ts": {
    "path": "/Users/menduz/code/metaverse-rpc/src/common/core/EventDispatcher.ts",
    "statementMap": {
      "0": {
        "start": {
          "line": 5,
          "column": 22
        },
        "end": {
          "line": 5,
          "column": 28
        }
      },
      "1": {
        "start": {
          "line": 10,
          "column": 11
        },
        "end": {
          "line": 10,
          "column": 21
        }
      },
      "2": {
        "start": {
          "line": 11,
          "column": 11
        },
        "end": {
          "line": 11,
          "column": 30
        }
      },
      "3": {
        "start": {
          "line": 12,
          "column": 11
        },
        "end": {
          "line": 12,
          "column": 24
        }
      },
      "4": {
        "start": {
          "line": 13,
          "column": 11
        },
        "end": {
          "line": 13,
          "column": 47
        }
      },
      "5": {
        "start": {
          "line": 14,
          "column": 11
        },
        "end": {
          "line": 14,
          "column": 46
        }
      },
      "6": {
        "start": {
          "line": 8,
          "column": 2
        },
        "end": {
          "line": 8,
          "column": 25
        }
      },
      "7": {
        "start": {
          "line": 18,
          "column": 4
        },
        "end": {
          "line": 25,
          "column": 5
        }
      },
      "8": {
        "start": {
          "line": 19,
          "column": 6
        },
        "end": {
          "line": 19,
          "column": 38
        }
      },
      "9": {
        "start": {
          "line": 20,
          "column": 6
        },
        "end": {
          "line": 20,
          "column": 20
        }
      },
      "10": {
        "start": {
          "line": 21,
          "column": 6
        },
        "end": {
          "line": 21,
          "column": 24
        }
      },
      "11": {
        "start": {
          "line": 22,
          "column": 6
        },
        "end": {
          "line": 24,
          "column": 7
        }
      },
      "12": {
        "start": {
          "line": 23,
          "column": 8
        },
        "end": {
          "line": 23,
          "column": 30
        }
      },
      "13": {
        "start": {
          "line": 29,
          "column": 4
        },
        "end": {
          "line": 33,
          "column": 30
        }
      },
      "14": {
        "start": {
          "line": 30,
          "column": 6
        },
        "end": {
          "line": 32,
          "column": 7
        }
      },
      "15": {
        "start": {
          "line": 31,
          "column": 8
        },
        "end": {
          "line": 31,
          "column": 41
        }
      },
      "16": {
        "start": {
          "line": 33,
          "column": 11
        },
        "end": {
          "line": 33,
          "column": 30
        }
      },
      "17": {
        "start": {
          "line": 37,
          "column": 4
        },
        "end": {
          "line": 43,
          "column": 5
        }
      },
      "18": {
        "start": {
          "line": 38,
          "column": 6
        },
        "end": {
          "line": 40,
          "column": 7
        }
      },
      "19": {
        "start": {
          "line": 39,
          "column": 8
        },
        "end": {
          "line": 39,
          "column": 42
        }
      },
      "20": {
        "start": {
          "line": 42,
          "column": 6
        },
        "end": {
          "line": 42,
          "column": 26
        }
      },
      "21": {
        "start": {
          "line": 48,
          "column": 2
        },
        "end": {
          "line": 48,
          "column": 13
        }
      },
      "22": {
        "start": {
          "line": 56,
          "column": 10
        },
        "end": {
          "line": 56,
          "column": 63
        }
      },
      "23": {
        "start": {
          "line": 57,
          "column": 10
        },
        "end": {
          "line": 57,
          "column": 25
        }
      },
      "24": {
        "start": {
          "line": 62,
          "column": 4
        },
        "end": {
          "line": 62,
          "column": 22
        }
      },
      "25": {
        "start": {
          "line": 64,
          "column": 17
        },
        "end": {
          "line": 64,
          "column": 43
        }
      },
      "26": {
        "start": {
          "line": 66,
          "column": 45
        },
        "end": {
          "line": 66,
          "column": 47
        }
      },
      "27": {
        "start": {
          "line": 67,
          "column": 48
        },
        "end": {
          "line": 67,
          "column": 52
        }
      },
      "28": {
        "start": {
          "line": 69,
          "column": 4
        },
        "end": {
          "line": 87,
          "column": 5
        }
      },
      "29": {
        "start": {
          "line": 70,
          "column": 16
        },
        "end": {
          "line": 70,
          "column": 87
        }
      },
      "30": {
        "start": {
          "line": 72,
          "column": 6
        },
        "end": {
          "line": 72,
          "column": 36
        }
      },
      "31": {
        "start": {
          "line": 74,
          "column": 6
        },
        "end": {
          "line": 81,
          "column": 7
        }
      },
      "32": {
        "start": {
          "line": 75,
          "column": 8
        },
        "end": {
          "line": 78,
          "column": 20
        }
      },
      "33": {
        "start": {
          "line": 76,
          "column": 10
        },
        "end": {
          "line": 76,
          "column": 41
        }
      },
      "34": {
        "start": {
          "line": 77,
          "column": 10
        },
        "end": {
          "line": 77,
          "column": 23
        }
      },
      "35": {
        "start": {
          "line": 80,
          "column": 8
        },
        "end": {
          "line": 80,
          "column": 36
        }
      },
      "36": {
        "start": {
          "line": 83,
          "column": 6
        },
        "end": {
          "line": 83,
          "column": 55
        }
      },
      "37": {
        "start": {
          "line": 84,
          "column": 6
        },
        "end": {
          "line": 84,
          "column": 36
        }
      },
      "38": {
        "start": {
          "line": 86,
          "column": 6
        },
        "end": {
          "line": 86,
          "column": 18
        }
      },
      "39": {
        "start": {
          "line": 89,
          "column": 4
        },
        "end": {
          "line": 89,
          "column": 43
        }
      },
      "40": {
        "start": {
          "line": 95,
          "column": 4
        },
        "end": {
          "line": 95,
          "column": 41
        }
      },
      "41": {
        "start": {
          "line": 102,
          "column": 4
        },
        "end": {
          "line": 130,
          "column": 5
        }
      },
      "42": {
        "start": {
          "line": 103,
          "column": 6
        },
        "end": {
          "line": 108,
          "column": 7
        }
      },
      "43": {
        "start": {
          "line": 104,
          "column": 8
        },
        "end": {
          "line": 106,
          "column": 9
        }
      },
      "44": {
        "start": {
          "line": 105,
          "column": 10
        },
        "end": {
          "line": 105,
          "column": 41
        }
      },
      "45": {
        "start": {
          "line": 107,
          "column": 8
        },
        "end": {
          "line": 107,
          "column": 37
        }
      },
      "46": {
        "start": {
          "line": 109,
          "column": 11
        },
        "end": {
          "line": 130,
          "column": 5
        }
      },
      "47": {
        "start": {
          "line": 110,
          "column": 6
        },
        "end": {
          "line": 110,
          "column": 20
        }
      },
      "48": {
        "start": {
          "line": 111,
          "column": 6
        },
        "end": {
          "line": 111,
          "column": 91
        }
      },
      "49": {
        "start": {
          "line": 112,
          "column": 11
        },
        "end": {
          "line": 130,
          "column": 5
        }
      },
      "50": {
        "start": {
          "line": 113,
          "column": 6
        },
        "end": {
          "line": 121,
          "column": 7
        }
      },
      "51": {
        "start": {
          "line": 114,
          "column": 8
        },
        "end": {
          "line": 118,
          "column": 9
        }
      },
      "52": {
        "start": {
          "line": 115,
          "column": 10
        },
        "end": {
          "line": 117,
          "column": 11
        }
      },
      "53": {
        "start": {
          "line": 116,
          "column": 12
        },
        "end": {
          "line": 116,
          "column": 46
        }
      },
      "54": {
        "start": {
          "line": 119,
          "column": 13
        },
        "end": {
          "line": 121,
          "column": 7
        }
      },
      "55": {
        "start": {
          "line": 120,
          "column": 8
        },
        "end": {
          "line": 120,
          "column": 34
        }
      },
      "56": {
        "start": {
          "line": 122,
          "column": 11
        },
        "end": {
          "line": 130,
          "column": 5
        }
      },
      "57": {
        "start": {
          "line": 123,
          "column": 6
        },
        "end": {
          "line": 129,
          "column": 7
        }
      },
      "58": {
        "start": {
          "line": 124,
          "column": 8
        },
        "end": {
          "line": 128,
          "column": 9
        }
      },
      "59": {
        "start": {
          "line": 125,
          "column": 10
        },
        "end": {
          "line": 127,
          "column": 11
        }
      },
      "60": {
        "start": {
          "line": 126,
          "column": 12
        },
        "end": {
          "line": 126,
          "column": 45
        }
      },
      "61": {
        "start": {
          "line": 137,
          "column": 4
        },
        "end": {
          "line": 185,
          "column": 5
        }
      },
      "62": {
        "start": {
          "line": 138,
          "column": 6
        },
        "end": {
          "line": 170,
          "column": 7
        }
      },
      "63": {
        "start": {
          "line": 139,
          "column": 8
        },
        "end": {
          "line": 142,
          "column": 9
        }
      },
      "64": {
        "start": {
          "line": 140,
          "column": 18
        },
        "end": {
          "line": 140,
          "column": 43
        }
      },
      "65": {
        "start": {
          "line": 141,
          "column": 10
        },
        "end": {
          "line": 141,
          "column": 42
        }
      },
      "66": {
        "start": {
          "line": 143,
          "column": 13
        },
        "end": {
          "line": 170,
          "column": 7
        }
      },
      "67": {
        "start": {
          "line": 144,
          "column": 8
        },
        "end": {
          "line": 147,
          "column": 9
        }
      },
      "68": {
        "start": {
          "line": 145,
          "column": 18
        },
        "end": {
          "line": 145,
          "column": 43
        }
      },
      "69": {
        "start": {
          "line": 146,
          "column": 10
        },
        "end": {
          "line": 146,
          "column": 54
        }
      },
      "70": {
        "start": {
          "line": 148,
          "column": 13
        },
        "end": {
          "line": 170,
          "column": 7
        }
      },
      "71": {
        "start": {
          "line": 149,
          "column": 8
        },
        "end": {
          "line": 152,
          "column": 9
        }
      },
      "72": {
        "start": {
          "line": 150,
          "column": 18
        },
        "end": {
          "line": 150,
          "column": 43
        }
      },
      "73": {
        "start": {
          "line": 151,
          "column": 10
        },
        "end": {
          "line": 151,
          "column": 68
        }
      },
      "74": {
        "start": {
          "line": 153,
          "column": 13
        },
        "end": {
          "line": 170,
          "column": 7
        }
      },
      "75": {
        "start": {
          "line": 154,
          "column": 8
        },
        "end": {
          "line": 157,
          "column": 9
        }
      },
      "76": {
        "start": {
          "line": 155,
          "column": 18
        },
        "end": {
          "line": 155,
          "column": 43
        }
      },
      "77": {
        "start": {
          "line": 156,
          "column": 10
        },
        "end": {
          "line": 156,
          "column": 82
        }
      },
      "78": {
        "start": {
          "line": 158,
          "column": 13
        },
        "end": {
          "line": 170,
          "column": 7
        }
      },
      "79": {
        "start": {
          "line": 159,
          "column": 8
        },
        "end": {
          "line": 162,
          "column": 9
        }
      },
      "80": {
        "start": {
          "line": 160,
          "column": 18
        },
        "end": {
          "line": 160,
          "column": 43
        }
      },
      "81": {
        "start": {
          "line": 161,
          "column": 10
        },
        "end": {
          "line": 161,
          "column": 96
        }
      },
      "82": {
        "start": {
          "line": 163,
          "column": 13
        },
        "end": {
          "line": 170,
          "column": 7
        }
      },
      "83": {
        "start": {
          "line": 164,
          "column": 19
        },
        "end": {
          "line": 164,
          "column": 59
        }
      },
      "84": {
        "start": {
          "line": 166,
          "column": 8
        },
        "end": {
          "line": 169,
          "column": 9
        }
      },
      "85": {
        "start": {
          "line": 167,
          "column": 18
        },
        "end": {
          "line": 167,
          "column": 43
        }
      },
      "86": {
        "start": {
          "line": 168,
          "column": 10
        },
        "end": {
          "line": 168,
          "column": 58
        }
      },
      "87": {
        "start": {
          "line": 171,
          "column": 11
        },
        "end": {
          "line": 185,
          "column": 5
        }
      },
      "88": {
        "start": {
          "line": 172,
          "column": 33
        },
        "end": {
          "line": 172,
          "column": 45
        }
      },
      "89": {
        "start": {
          "line": 173,
          "column": 32
        },
        "end": {
          "line": 173,
          "column": 36
        }
      },
      "90": {
        "start": {
          "line": 175,
          "column": 6
        },
        "end": {
          "line": 179,
          "column": 7
        }
      },
      "91": {
        "start": {
          "line": 176,
          "column": 8
        },
        "end": {
          "line": 176,
          "column": 29
        }
      },
      "92": {
        "start": {
          "line": 178,
          "column": 8
        },
        "end": {
          "line": 178,
          "column": 105
        }
      },
      "93": {
        "start": {
          "line": 181,
          "column": 6
        },
        "end": {
          "line": 181,
          "column": 26
        }
      },
      "94": {
        "start": {
          "line": 182,
          "column": 6
        },
        "end": {
          "line": 182,
          "column": 30
        }
      },
      "95": {
        "start": {
          "line": 184,
          "column": 6
        },
        "end": {
          "line": 184,
          "column": 17
        }
      },
      "96": {
        "start": {
          "line": 189,
          "column": 4
        },
        "end": {
          "line": 189,
          "column": 69
        }
      },
      "97": {
        "start": {
          "line": 189,
          "column": 54
        },
        "end": {
          "line": 189,
          "column": 68
        }
      }
    },
    "fnMap": {
      "0": {
        "name": "(anonymous_0)",
        "decl": {
          "start": {
            "line": 9,
            "column": 2
          },
          "end": {
            "line": 10,
            "column": 10
          }
        },
        "loc": {
          "start": {
            "line": 14,
            "column": 46
          },
          "end": {
            "line": 15,
            "column": 6
          }
        }
      },
      "1": {
        "name": "(anonymous_1)",
        "decl": {
          "start": {
            "line": 17,
            "column": 2
          },
          "end": {
            "line": 17,
            "column": 4
          }
        },
        "loc": {
          "start": {
            "line": 17,
            "column": 5
          },
          "end": {
            "line": 26,
            "column": 3
          }
        }
      },
      "2": {
        "name": "(anonymous_2)",
        "decl": {
          "start": {
            "line": 28,
            "column": 2
          },
          "end": {
            "line": 28,
            "column": 7
          }
        },
        "loc": {
          "start": {
            "line": 28,
            "column": 8
          },
          "end": {
            "line": 34,
            "column": 3
          }
        }
      },
      "3": {
        "name": "(anonymous_3)",
        "decl": {
          "start": {
            "line": 36,
            "column": 2
          },
          "end": {
            "line": 36,
            "column": 8
          }
        },
        "loc": {
          "start": {
            "line": 36,
            "column": 9
          },
          "end": {
            "line": 44,
            "column": 3
          }
        }
      },
      "4": {
        "name": "turnOffCallback",
        "decl": {
          "start": {
            "line": 47,
            "column": 9
          },
          "end": {
            "line": 47,
            "column": 24
          }
        },
        "loc": {
          "start": {
            "line": 47,
            "column": 50
          },
          "end": {
            "line": 49,
            "column": 1
          }
        }
      },
      "5": {
        "name": "(anonymous_5)",
        "decl": {
          "start": {
            "line": 55,
            "column": 0
          },
          "end": {
            "line": null,
            "column": -1
          }
        },
        "loc": {
          "start": {
            "line": 55,
            "column": 0
          },
          "end": {
            "line": 191,
            "column": 1
          }
        }
      },
      "6": {
        "name": "(anonymous_6)",
        "decl": {
          "start": {
            "line": 61,
            "column": 2
          },
          "end": {
            "line": 61,
            "column": 3
          }
        },
        "loc": {
          "start": {
            "line": 61,
            "column": 49
          },
          "end": {
            "line": 90,
            "column": 3
          }
        }
      },
      "7": {
        "name": "(anonymous_7)",
        "decl": {
          "start": {
            "line": 75,
            "column": 17
          },
          "end": {
            "line": null,
            "column": -1
          }
        },
        "loc": {
          "start": {
            "line": 75,
            "column": 17
          },
          "end": {
            "line": 78,
            "column": 9
          }
        }
      },
      "8": {
        "name": "(anonymous_8)",
        "decl": {
          "start": {
            "line": 94,
            "column": 2
          },
          "end": {
            "line": 94,
            "column": 5
          }
        },
        "loc": {
          "start": {
            "line": 94,
            "column": 35
          },
          "end": {
            "line": 96,
            "column": 3
          }
        }
      },
      "9": {
        "name": "(anonymous_9)",
        "decl": {
          "start": {
            "line": 101,
            "column": 2
          },
          "end": {
            "line": 101,
            "column": 4
          }
        },
        "loc": {
          "start": {
            "line": 101,
            "column": 72
          },
          "end": {
            "line": 131,
            "column": 3
          }
        }
      },
      "10": {
        "name": "(anonymous_10)",
        "decl": {
          "start": {
            "line": 136,
            "column": 2
          },
          "end": {
            "line": 136,
            "column": 5
          }
        },
        "loc": {
          "start": {
            "line": 136,
            "column": 20
          },
          "end": {
            "line": 186,
            "column": 3
          }
        }
      },
      "11": {
        "name": "(anonymous_11)",
        "decl": {
          "start": {
            "line": 188,
            "column": 12
          },
          "end": {
            "line": 188,
            "column": 27
          }
        },
        "loc": {
          "start": {
            "line": 188,
            "column": 42
          },
          "end": {
            "line": 190,
            "column": 3
          }
        }
      },
      "12": {
        "name": "(anonymous_12)",
        "decl": {
          "start": {
            "line": 189,
            "column": 49
          },
          "end": {
            "line": 189,
            "column": 50
          }
        },
        "loc": {
          "start": {
            "line": 189,
            "column": 54
          },
          "end": {
            "line": 189,
            "column": 68
          }
        }
      }
    },
    "branchMap": {
      "0": {
        "loc": {
          "start": {
            "line": 18,
            "column": 4
          },
          "end": {
            "line": 25,
            "column": 5
          }
        },
        "type": "if",
        "locations": [
          {
            "start": {
              "line": 18,
              "column": 4
            },
            "end": {
              "line": 25,
              "column": 5
            }
          },
          {
            "start": {
              "line": 18,
              "column": 4
            },
            "end": {
              "line": 25,
              "column": 5
            }
          }
        ]
      },
      "1": {
        "loc": {
          "start": {
            "line": 19,
            "column": 6
          },
          "end": {
            "line": 19,
            "column": 13
          }
        },
        "type": "binary-expr",
        "locations": [
          {
            "start": {
              "line": 19,
              "column": 6
            },
            "end": {
              "line": 19,
              "column": 13
            }
          },
          {
            "start": {
              "line": 19,
              "column": 17
            },
            "end": {
              "line": 19,
              "column": 38
            }
          }
        ]
      },
      "2": {
        "loc": {
          "start": {
            "line": 22,
            "column": 6
          },
          "end": {
            "line": 24,
            "column": 7
          }
        },
        "type": "if",
        "locations": [
          {
            "start": {
              "line": 22,
              "column": 6
            },
            "end": {
              "line": 24,
              "column": 7
            }
          },
          {
            "start": {
              "line": 22,
              "column": 6
            },
            "end": {
              "line": 24,
              "column": 7
            }
          }
        ]
      },
      "3": {
        "loc": {
          "start": {
            "line": 29,
            "column": 4
          },
          "end": {
            "line": 33,
            "column": 30
          }
        },
        "type": "if",
        "locations": [
          {
            "start": {
              "line": 29,
              "column": 4
            },
            "end": {
              "line": 33,
              "column": 30
            }
          },
          {
            "start": {
              "line": 29,
              "column": 4
            },
            "end": {
              "line": 33,
              "column": 30
            }
          }
        ]
      },
      "4": {
        "loc": {
          "start": {
            "line": 37,
            "column": 4
          },
          "end": {
            "line": 43,
            "column": 5
          }
        },
        "type": "if",
        "locations": [
          {
            "start": {
              "line": 37,
              "column": 4
            },
            "end": {
              "line": 43,
              "column": 5
            }
          },
          {
            "start": {
              "line": 37,
              "column": 4
            },
            "end": {
              "line": 43,
              "column": 5
            }
          }
        ]
      },
      "5": {
        "loc": {
          "start": {
            "line": 72,
            "column": 6
          },
          "end": {
            "line": 72,
            "column": 14
          }
        },
        "type": "binary-expr",
        "locations": [
          {
            "start": {
              "line": 72,
              "column": 6
            },
            "end": {
              "line": 72,
              "column": 14
            }
          },
          {
            "start": {
              "line": 72,
              "column": 18
            },
            "end": {
              "line": 72,
              "column": 36
            }
          }
        ]
      },
      "6": {
        "loc": {
          "start": {
            "line": 74,
            "column": 6
          },
          "end": {
            "line": 81,
            "column": 7
          }
        },
        "type": "if",
        "locations": [
          {
            "start": {
              "line": 74,
              "column": 6
            },
            "end": {
              "line": 81,
              "column": 7
            }
          },
          {
            "start": {
              "line": 74,
              "column": 6
            },
            "end": {
              "line": 81,
              "column": 7
            }
          }
        ]
      },
      "7": {
        "loc": {
          "start": {
            "line": 83,
            "column": 29
          },
          "end": {
            "line": 83,
            "column": 49
          }
        },
        "type": "binary-expr",
        "locations": [
          {
            "start": {
              "line": 83,
              "column": 29
            },
            "end": {
              "line": 83,
              "column": 49
            }
          },
          {
            "start": {
              "line": 83,
              "column": 53
            },
            "end": {
              "line": 83,
              "column": 55
            }
          }
        ]
      },
      "8": {
        "loc": {
          "start": {
            "line": 102,
            "column": 4
          },
          "end": {
            "line": 130,
            "column": 5
          }
        },
        "type": "if",
        "locations": [
          {
            "start": {
              "line": 102,
              "column": 4
            },
            "end": {
              "line": 130,
              "column": 5
            }
          },
          {
            "start": {
              "line": 102,
              "column": 4
            },
            "end": {
              "line": 130,
              "column": 5
            }
          }
        ]
      },
      "9": {
        "loc": {
          "start": {
            "line": 109,
            "column": 11
          },
          "end": {
            "line": 130,
            "column": 5
          }
        },
        "type": "if",
        "locations": [
          {
            "start": {
              "line": 109,
              "column": 11
            },
            "end": {
              "line": 130,
              "column": 5
            }
          },
          {
            "start": {
              "line": 109,
              "column": 11
            },
            "end": {
              "line": 130,
              "column": 5
            }
          }
        ]
      },
      "10": {
        "loc": {
          "start": {
            "line": 111,
            "column": 6
          },
          "end": {
            "line": 111,
            "column": 21
          }
        },
        "type": "binary-expr",
        "locations": [
          {
            "start": {
              "line": 111,
              "column": 6
            },
            "end": {
              "line": 111,
              "column": 21
            }
          },
          {
            "start": {
              "line": 111,
              "column": 25
            },
            "end": {
              "line": 111,
              "column": 47
            }
          },
          {
            "start": {
              "line": 111,
              "column": 51
            },
            "end": {
              "line": 111,
              "column": 91
            }
          }
        ]
      },
      "11": {
        "loc": {
          "start": {
            "line": 112,
            "column": 11
          },
          "end": {
            "line": 130,
            "column": 5
          }
        },
        "type": "if",
        "locations": [
          {
            "start": {
              "line": 112,
              "column": 11
            },
            "end": {
              "line": 130,
              "column": 5
            }
          },
          {
            "start": {
              "line": 112,
              "column": 11
            },
            "end": {
              "line": 130,
              "column": 5
            }
          }
        ]
      },
      "12": {
        "loc": {
          "start": {
            "line": 113,
            "column": 6
          },
          "end": {
            "line": 121,
            "column": 7
          }
        },
        "type": "if",
        "locations": [
          {
            "start": {
              "line": 113,
              "column": 6
            },
            "end": {
              "line": 121,
              "column": 7
            }
          },
          {
            "start": {
              "line": 113,
              "column": 6
            },
            "end": {
              "line": 121,
              "column": 7
            }
          }
        ]
      },
      "13": {
        "loc": {
          "start": {
            "line": 115,
            "column": 10
          },
          "end": {
            "line": 117,
            "column": 11
          }
        },
        "type": "if",
        "locations": [
          {
            "start": {
              "line": 115,
              "column": 10
            },
            "end": {
              "line": 117,
              "column": 11
            }
          },
          {
            "start": {
              "line": 115,
              "column": 10
            },
            "end": {
              "line": 117,
              "column": 11
            }
          }
        ]
      },
      "14": {
        "loc": {
          "start": {
            "line": 119,
            "column": 13
          },
          "end": {
            "line": 121,
            "column": 7
          }
        },
        "type": "if",
        "locations": [
          {
            "start": {
              "line": 119,
              "column": 13
            },
            "end": {
              "line": 121,
              "column": 7
            }
          },
          {
            "start": {
              "line": 119,
              "column": 13
            },
            "end": {
              "line": 121,
              "column": 7
            }
          }
        ]
      },
      "15": {
        "loc": {
          "start": {
            "line": 122,
            "column": 11
          },
          "end": {
            "line": 130,
            "column": 5
          }
        },
        "type": "if",
        "locations": [
          {
            "start": {
              "line": 122,
              "column": 11
            },
            "end": {
              "line": 130,
              "column": 5
            }
          },
          {
            "start": {
              "line": 122,
              "column": 11
            },
            "end": {
              "line": 130,
              "column": 5
            }
          }
        ]
      },
      "16": {
        "loc": {
          "start": {
            "line": 125,
            "column": 10
          },
          "end": {
            "line": 127,
            "column": 11
          }
        },
        "type": "if",
        "locations": [
          {
            "start": {
              "line": 125,
              "column": 10
            },
            "end": {
              "line": 127,
              "column": 11
            }
          },
          {
            "start": {
              "line": 125,
              "column": 10
            },
            "end": {
              "line": 127,
              "column": 11
            }
          }
        ]
      },
      "17": {
        "loc": {
          "start": {
            "line": 137,
            "column": 4
          },
          "end": {
            "line": 185,
            "column": 5
          }
        },
        "type": "if",
        "locations": [
          {
            "start": {
              "line": 137,
              "column": 4
            },
            "end": {
              "line": 185,
              "column": 5
            }
          },
          {
            "start": {
              "line": 137,
              "column": 4
            },
            "end": {
              "line": 185,
              "column": 5
            }
          }
        ]
      },
      "18": {
        "loc": {
          "start": {
            "line": 138,
            "column": 6
          },
          "end": {
            "line": 170,
            "column": 7
          }
        },
        "type": "if",
        "locations": [
          {
            "start": {
              "line": 138,
              "column": 6
            },
            "end": {
              "line": 170,
              "column": 7
            }
          },
          {
            "start": {
              "line": 138,
              "column": 6
            },
            "end": {
              "line": 170,
              "column": 7
            }
          }
        ]
      },
      "19": {
        "loc": {
          "start": {
            "line": 141,
            "column": 10
          },
          "end": {
            "line": 141,
            "column": 11
          }
        },
        "type": "binary-expr",
        "locations": [
          {
            "start": {
              "line": 141,
              "column": 10
            },
            "end": {
              "line": 141,
              "column": 11
            }
          },
          {
            "start": {
              "line": 141,
              "column": 15
            },
            "end": {
              "line": 141,
              "column": 19
            }
          },
          {
            "start": {
              "line": 141,
              "column": 23
            },
            "end": {
              "line": 141,
              "column": 32
            }
          },
          {
            "start": {
              "line": 141,
              "column": 36
            },
            "end": {
              "line": 141,
              "column": 42
            }
          }
        ]
      },
      "20": {
        "loc": {
          "start": {
            "line": 143,
            "column": 13
          },
          "end": {
            "line": 170,
            "column": 7
          }
        },
        "type": "if",
        "locations": [
          {
            "start": {
              "line": 143,
              "column": 13
            },
            "end": {
              "line": 170,
              "column": 7
            }
          },
          {
            "start": {
              "line": 143,
              "column": 13
            },
            "end": {
              "line": 170,
              "column": 7
            }
          }
        ]
      },
      "21": {
        "loc": {
          "start": {
            "line": 146,
            "column": 10
          },
          "end": {
            "line": 146,
            "column": 11
          }
        },
        "type": "binary-expr",
        "locations": [
          {
            "start": {
              "line": 146,
              "column": 10
            },
            "end": {
              "line": 146,
              "column": 11
            }
          },
          {
            "start": {
              "line": 146,
              "column": 15
            },
            "end": {
              "line": 146,
              "column": 19
            }
          },
          {
            "start": {
              "line": 146,
              "column": 23
            },
            "end": {
              "line": 146,
              "column": 32
            }
          },
          {
            "start": {
              "line": 146,
              "column": 36
            },
            "end": {
              "line": 146,
              "column": 54
            }
          }
        ]
      },
      "22": {
        "loc": {
          "start": {
            "line": 148,
            "column": 13
          },
          "end": {
            "line": 170,
            "column": 7
          }
        },
        "type": "if",
        "locations": [
          {
            "start": {
              "line": 148,
              "column": 13
            },
            "end": {
              "line": 170,
              "column": 7
            }
          },
          {
            "start": {
              "line": 148,
              "column": 13
            },
            "end": {
              "line": 170,
              "column": 7
            }
          }
        ]
      },
      "23": {
        "loc": {
          "start": {
            "line": 151,
            "column": 10
          },
          "end": {
            "line": 151,
            "column": 11
          }
        },
        "type": "binary-expr",
        "locations": [
          {
            "start": {
              "line": 151,
              "column": 10
            },
            "end": {
              "line": 151,
              "column": 11
            }
          },
          {
            "start": {
              "line": 151,
              "column": 15
            },
            "end": {
              "line": 151,
              "column": 19
            }
          },
          {
            "start": {
              "line": 151,
              "column": 23
            },
            "end": {
              "line": 151,
              "column": 32
            }
          },
          {
            "start": {
              "line": 151,
              "column": 36
            },
            "end": {
              "line": 151,
              "column": 68
            }
          }
        ]
      },
      "24": {
        "loc": {
          "start": {
            "line": 153,
            "column": 13
          },
          "end": {
            "line": 170,
            "column": 7
          }
        },
        "type": "if",
        "locations": [
          {
            "start": {
              "line": 153,
              "column": 13
            },
            "end": {
              "line": 170,
              "column": 7
            }
          },
          {
            "start": {
              "line": 153,
              "column": 13
            },
            "end": {
              "line": 170,
              "column": 7
            }
          }
        ]
      },
      "25": {
        "loc": {
          "start": {
            "line": 156,
            "column": 10
          },
          "end": {
            "line": 156,
            "column": 11
          }
        },
        "type": "binary-expr",
        "locations": [
          {
            "start": {
              "line": 156,
              "column": 10
            },
            "end": {
              "line": 156,
              "column": 11
            }
          },
          {
            "start": {
              "line": 156,
              "column": 15
            },
            "end": {
              "line": 156,
              "column": 19
            }
          },
          {
            "start": {
              "line": 156,
              "column": 23
            },
            "end": {
              "line": 156,
              "column": 32
            }
          },
          {
            "start": {
              "line": 156,
              "column": 36
            },
            "end": {
              "line": 156,
              "column": 82
            }
          }
        ]
      },
      "26": {
        "loc": {
          "start": {
            "line": 158,
            "column": 13
          },
          "end": {
            "line": 170,
            "column": 7
          }
        },
        "type": "if",
        "locations": [
          {
            "start": {
              "line": 158,
              "column": 13
            },
            "end": {
              "line": 170,
              "column": 7
            }
          },
          {
            "start": {
              "line": 158,
              "column": 13
            },
            "end": {
              "line": 170,
              "column": 7
            }
          }
        ]
      },
      "27": {
        "loc": {
          "start": {
            "line": 161,
            "column": 10
          },
          "end": {
            "line": 161,
            "column": 11
          }
        },
        "type": "binary-expr",
        "locations": [
          {
            "start": {
              "line": 161,
              "column": 10
            },
            "end": {
              "line": 161,
              "column": 11
            }
          },
          {
            "start": {
              "line": 161,
              "column": 15
            },
            "end": {
              "line": 161,
              "column": 19
            }
          },
          {
            "start": {
              "line": 161,
              "column": 23
            },
            "end": {
              "line": 161,
              "column": 32
            }
          },
          {
            "start": {
              "line": 161,
              "column": 36
            },
            "end": {
              "line": 161,
              "column": 96
            }
          }
        ]
      },
      "28": {
        "loc": {
          "start": {
            "line": 163,
            "column": 13
          },
          "end": {
            "line": 170,
            "column": 7
          }
        },
        "type": "if",
        "locations": [
          {
            "start": {
              "line": 163,
              "column": 13
            },
            "end": {
              "line": 170,
              "column": 7
            }
          },
          {
            "start": {
              "line": 163,
              "column": 13
            },
            "end": {
              "line": 170,
              "column": 7
            }
          }
        ]
      },
      "29": {
        "loc": {
          "start": {
            "line": 168,
            "column": 10
          },
          "end": {
            "line": 168,
            "column": 11
          }
        },
        "type": "binary-expr",
        "locations": [
          {
            "start": {
              "line": 168,
              "column": 10
            },
            "end": {
              "line": 168,
              "column": 11
            }
          },
          {
            "start": {
              "line": 168,
              "column": 15
            },
            "end": {
              "line": 168,
              "column": 19
            }
          },
          {
            "start": {
              "line": 168,
              "column": 23
            },
            "end": {
              "line": 168,
              "column": 32
            }
          },
          {
            "start": {
              "line": 168,
              "column": 36
            },
            "end": {
              "line": 168,
              "column": 58
            }
          }
        ]
      },
      "30": {
        "loc": {
          "start": {
            "line": 171,
            "column": 11
          },
          "end": {
            "line": 185,
            "column": 5
          }
        },
        "type": "if",
        "locations": [
          {
            "start": {
              "line": 171,
              "column": 11
            },
            "end": {
              "line": 185,
              "column": 5
            }
          },
          {
            "start": {
              "line": 171,
              "column": 11
            },
            "end": {
              "line": 185,
              "column": 5
            }
          }
        ]
      },
      "31": {
        "loc": {
          "start": {
            "line": 175,
            "column": 6
          },
          "end": {
            "line": 179,
            "column": 7
          }
        },
        "type": "if",
        "locations": [
          {
            "start": {
              "line": 175,
              "column": 6
            },
            "end": {
              "line": 179,
              "column": 7
            }
          },
          {
            "start": {
              "line": 175,
              "column": 6
            },
            "end": {
              "line": 179,
              "column": 7
            }
          }
        ]
      },
      "32": {
        "loc": {
          "start": {
            "line": 189,
            "column": 12
          },
          "end": {
            "line": 189,
            "column": 34
          }
        },
        "type": "binary-expr",
        "locations": [
          {
            "start": {
              "line": 189,
              "column": 12
            },
            "end": {
              "line": 189,
              "column": 34
            }
          },
          {
            "start": {
              "line": 189,
              "column": 38
            },
            "end": {
              "line": 189,
              "column": 40
            }
          }
        ]
      },
      "33": {
        "loc": {
          "start": {
            "line": 189,
            "column": 54
          },
          "end": {
            "line": 189,
            "column": 55
          }
        },
        "type": "binary-expr",
        "locations": [
          {
            "start": {
              "line": 189,
              "column": 54
            },
            "end": {
              "line": 189,
              "column": 55
            }
          },
          {
            "start": {
              "line": 189,
              "column": 59
            },
            "end": {
              "line": 189,
              "column": 68
            }
          }
        ]
      }
    },
    "s": {
      "0": 1,
      "1": 29,
      "2": 29,
      "3": 29,
      "4": 29,
      "5": 29,
      "6": 29,
      "7": 0,
      "8": 0,
      "9": 0,
      "10": 0,
      "11": 0,
      "12": 0,
      "13": 0,
      "14": 0,
      "15": 0,
      "16": 0,
      "17": 0,
      "18": 0,
      "19": 0,
      "20": 0,
      "21": 0,
      "22": 43,
      "23": 43,
      "24": 29,
      "25": 29,
      "26": 29,
      "27": 29,
      "28": 29,
      "29": 29,
      "30": 29,
      "31": 29,
      "32": 0,
      "33": 0,
      "34": 0,
      "35": 29,
      "36": 29,
      "37": 29,
      "38": 29,
      "39": 29,
      "40": 0,
      "41": 0,
      "42": 0,
      "43": 0,
      "44": 0,
      "45": 0,
      "46": 0,
      "47": 0,
      "48": 0,
      "49": 0,
      "50": 0,
      "51": 0,
      "52": 0,
      "53": 0,
      "54": 0,
      "55": 0,
      "56": 0,
      "57": 0,
      "58": 0,
      "59": 0,
      "60": 0,
      "61": 710,
      "62": 596,
      "63": 1,
      "64": 1,
      "65": 1,
      "66": 595,
      "67": 595,
      "68": 2862,
      "69": 2862,
      "70": 0,
      "71": 0,
      "72": 0,
      "73": 0,
      "74": 0,
      "75": 0,
      "76": 0,
      "77": 0,
      "78": 0,
      "79": 0,
      "80": 0,
      "81": 0,
      "82": 0,
      "83": 0,
      "84": 0,
      "85": 0,
      "86": 0,
      "87": 114,
      "88": 0,
      "89": 0,
      "90": 0,
      "91": 0,
      "92": 0,
      "93": 0,
      "94": 0,
      "95": 0,
      "96": 0,
      "97": 0
    },
    "f": {
      "0": 29,
      "1": 0,
      "2": 0,
      "3": 0,
      "4": 0,
      "5": 43,
      "6": 29,
      "7": 0,
      "8": 0,
      "9": 0,
      "10": 710,
      "11": 0,
      "12": 0
    },
    "b": {
      "0": [
        0,
        0
      ],
      "1": [
        0,
        0
      ],
      "2": [
        0,
        0
      ],
      "3": [
        0,
        0
      ],
      "4": [
        0,
        0
      ],
      "5": [
        29,
        29
      ],
      "6": [
        0,
        29
      ],
      "7": [
        29,
        12
      ],
      "8": [
        0,
        0
      ],
      "9": [
        0,
        0
      ],
      "10": [
        0,
        0,
        0
      ],
      "11": [
        0,
        0
      ],
      "12": [
        0,
        0
      ],
      "13": [
        0,
        0
      ],
      "14": [
        0,
        0
      ],
      "15": [
        0,
        0
      ],
      "16": [
        0,
        0
      ],
      "17": [
        596,
        114
      ],
      "18": [
        1,
        595
      ],
      "19": [
        1,
        1,
        1,
        1
      ],
      "20": [
        595,
        0
      ],
      "21": [
        2862,
        2862,
        2862,
        2862
      ],
      "22": [
        0,
        0
      ],
      "23": [
        0,
        0,
        0,
        0
      ],
      "24": [
        0,
        0
      ],
      "25": [
        0,
        0,
        0,
        0
      ],
      "26": [
        0,
        0
      ],
      "27": [
        0,
        0,
        0,
        0
      ],
      "28": [
        0,
        0
      ],
      "29": [
        0,
        0,
        0,
        0
      ],
      "30": [
        0,
        114
      ],
      "31": [
        0,
        0
      ],
      "32": [
        0,
        0
      ],
      "33": [
        0,
        0
      ]
    }
  },
  "/Users/menduz/code/metaverse-rpc/src/common/core/isPromiseLike.ts": {
    "path": "/Users/menduz/code/metaverse-rpc/src/common/core/isPromiseLike.ts",
    "statementMap": {
      "0": {
        "start": {
          "line": 5,
          "column": 2
        },
        "end": {
          "line": 13,
          "column": 3
        }
      }
    },
    "fnMap": {
      "0": {
        "name": "isPromiseLike",
        "decl": {
          "start": {
            "line": 4,
            "column": 16
          },
          "end": {
            "line": 4,
            "column": 29
          }
        },
        "loc": {
          "start": {
            "line": 4,
            "column": 40
          },
          "end": {
            "line": 14,
            "column": 1
          }
        }
      }
    },
    "branchMap": {
      "0": {
        "loc": {
          "start": {
            "line": 6,
            "column": 4
          },
          "end": {
            "line": 6,
            "column": 9
          }
        },
        "type": "binary-expr",
        "locations": [
          {
            "start": {
              "line": 6,
              "column": 4
            },
            "end": {
              "line": 6,
              "column": 9
            }
          },
          {
            "start": {
              "line": 8,
              "column": 4
            },
            "end": {
              "line": 8,
              "column": 29
            }
          },
          {
            "start": {
              "line": 10,
              "column": 4
            },
            "end": {
              "line": 10,
              "column": 39
            }
          },
          {
            "start": {
              "line": 12,
              "column": 4
            },
            "end": {
              "line": 12,
              "column": 40
            }
          }
        ]
      }
    },
    "s": {
      "0": 716
    },
    "f": {
      "0": 716
    },
    "b": {
      "0": [
        716,
        716,
        716,
        716
      ]
    }
  },
  "/Users/menduz/code/metaverse-rpc/src/common/json-rpc/Server.ts": {
    "path": "/Users/menduz/code/metaverse-rpc/src/common/json-rpc/Server.ts",
    "statementMap": {
      "0": {
        "start": {
          "line": 6,
          "column": 21
        },
        "end": {
          "line": 6,
          "column": 99
        }
      },
      "1": {
        "start": {
          "line": 9,
          "column": 2
        },
        "end": {
          "line": 19,
          "column": 3
        }
      },
      "2": {
        "start": {
          "line": 10,
          "column": 21
        },
        "end": {
          "line": 10,
          "column": 45
        }
      },
      "3": {
        "start": {
          "line": 12,
          "column": 4
        },
        "end": {
          "line": 14,
          "column": 5
        }
      },
      "4": {
        "start": {
          "line": 13,
          "column": 6
        },
        "end": {
          "line": 13,
          "column": 32
        }
      },
      "5": {
        "start": {
          "line": 16,
          "column": 4
        },
        "end": {
          "line": 16,
          "column": 14
        }
      },
      "6": {
        "start": {
          "line": 18,
          "column": 4
        },
        "end": {
          "line": 18,
          "column": 16
        }
      },
      "7": {
        "start": {
          "line": 36,
          "column": 4
        },
        "end": {
          "line": 36,
          "column": 11
        }
      },
      "8": {
        "start": {
          "line": 27,
          "column": 10
        },
        "end": {
          "line": 27,
          "column": 98
        }
      },
      "9": {
        "start": {
          "line": 28,
          "column": 10
        },
        "end": {
          "line": 28,
          "column": 38
        }
      },
      "10": {
        "start": {
          "line": 29,
          "column": 10
        },
        "end": {
          "line": 29,
          "column": 28
        }
      },
      "11": {
        "start": {
          "line": 37,
          "column": 4
        },
        "end": {
          "line": 37,
          "column": 25
        }
      },
      "12": {
        "start": {
          "line": 32,
          "column": 4
        },
        "end": {
          "line": 32,
          "column": 26
        }
      },
      "13": {
        "start": {
          "line": 46,
          "column": 4
        },
        "end": {
          "line": 46,
          "column": 43
        }
      },
      "14": {
        "start": {
          "line": 52,
          "column": 4
        },
        "end": {
          "line": 52,
          "column": 39
        }
      },
      "15": {
        "start": {
          "line": 59,
          "column": 4
        },
        "end": {
          "line": 59,
          "column": 35
        }
      },
      "16": {
        "start": {
          "line": 63,
          "column": 4
        },
        "end": {
          "line": 63,
          "column": 48
        }
      },
      "17": {
        "start": {
          "line": 74,
          "column": 4
        },
        "end": {
          "line": 76,
          "column": 5
        }
      },
      "18": {
        "start": {
          "line": 75,
          "column": 6
        },
        "end": {
          "line": 75,
          "column": 116
        }
      },
      "19": {
        "start": {
          "line": 78,
          "column": 20
        },
        "end": {
          "line": 78,
          "column": 40
        }
      },
      "20": {
        "start": {
          "line": 80,
          "column": 4
        },
        "end": {
          "line": 86,
          "column": 5
        }
      },
      "21": {
        "start": {
          "line": 81,
          "column": 6
        },
        "end": {
          "line": 83,
          "column": 7
        }
      },
      "22": {
        "start": {
          "line": 82,
          "column": 8
        },
        "end": {
          "line": 82,
          "column": 62
        }
      },
      "23": {
        "start": {
          "line": 85,
          "column": 6
        },
        "end": {
          "line": 85,
          "column": 109
        }
      },
      "24": {
        "start": {
          "line": 94,
          "column": 4
        },
        "end": {
          "line": 97,
          "column": 5
        }
      },
      "25": {
        "start": {
          "line": 95,
          "column": 6
        },
        "end": {
          "line": 95,
          "column": 28
        }
      },
      "26": {
        "start": {
          "line": 96,
          "column": 6
        },
        "end": {
          "line": 96,
          "column": 32
        }
      },
      "27": {
        "start": {
          "line": 101,
          "column": 4
        },
        "end": {
          "line": 103,
          "column": 5
        }
      },
      "28": {
        "start": {
          "line": 102,
          "column": 6
        },
        "end": {
          "line": 102,
          "column": 29
        }
      },
      "29": {
        "start": {
          "line": 107,
          "column": 4
        },
        "end": {
          "line": 107,
          "column": 43
        }
      },
      "30": {
        "start": {
          "line": 110,
          "column": 4
        },
        "end": {
          "line": 119,
          "column": 5
        }
      },
      "31": {
        "start": {
          "line": 111,
          "column": 6
        },
        "end": {
          "line": 116,
          "column": 7
        }
      },
      "32": {
        "start": {
          "line": 113,
          "column": 8
        },
        "end": {
          "line": 113,
          "column": 40
        }
      },
      "33": {
        "start": {
          "line": 115,
          "column": 8
        },
        "end": {
          "line": 115,
          "column": 80
        }
      },
      "34": {
        "start": {
          "line": 118,
          "column": 6
        },
        "end": {
          "line": 118,
          "column": 74
        }
      },
      "35": {
        "start": {
          "line": 122,
          "column": 4
        },
        "end": {
          "line": 176,
          "column": 5
        }
      },
      "36": {
        "start": {
          "line": 123,
          "column": 6
        },
        "end": {
          "line": 172,
          "column": 7
        }
      },
      "37": {
        "start": {
          "line": 124,
          "column": 24
        },
        "end": {
          "line": 124,
          "column": 67
        }
      },
      "38": {
        "start": {
          "line": 126,
          "column": 8
        },
        "end": {
          "line": 168,
          "column": 9
        }
      },
      "39": {
        "start": {
          "line": 127,
          "column": 10
        },
        "end": {
          "line": 165,
          "column": 11
        }
      },
      "40": {
        "start": {
          "line": 128,
          "column": 12
        },
        "end": {
          "line": 133,
          "column": 13
        }
      },
      "41": {
        "start": {
          "line": 135,
          "column": 12
        },
        "end": {
          "line": 164,
          "column": 13
        }
      },
      "42": {
        "start": {
          "line": 137,
          "column": 16
        },
        "end": {
          "line": 139,
          "column": 54
        }
      },
      "43": {
        "start": {
          "line": 141,
          "column": 14
        },
        "end": {
          "line": 161,
          "column": 15
        }
      },
      "44": {
        "start": {
          "line": 143,
          "column": 16
        },
        "end": {
          "line": 153,
          "column": 20
        }
      },
      "45": {
        "start": {
          "line": 145,
          "column": 20
        },
        "end": {
          "line": 149,
[...]
        }
      },
      "8": {
        "start": {
          "line": 12,
          "column": 13
        },
        "end": {
          "line": 24,
          "column": 1
        }
      },
      "9": {
        "start": {
          "line": 26,
          "column": 0
        },
        "end": {
          "line": 31,
          "column": 2
        }
      },
      "10": {
        "start": {
          "line": 27,
          "column": 2
        },
        "end": {
          "line": 30,
          "column": 4
        }
      }
    },
    "fnMap": {
      "0": {
        "name": "(anonymous_2)",
        "decl": {
          "start": {
            "line": 6,
            "column": 2
          },
          "end": {
            "line": 6,
            "column": 6
          }
        },
        "loc": {
          "start": {
            "line": 6,
            "column": 20
          },
          "end": {
            "line": 8,
            "column": 3
          }
        }
      },
      "1": {
        "name": "(anonymous_3)",
        "decl": {
          "start": {
            "line": 15,
            "column": 2
          },
          "end": {
            "line": 15,
            "column": 13
          }
        },
        "loc": {
          "start": {
            "line": 15,
            "column": 33
          },
          "end": {
            "line": 18,
            "column": 3
          }
        }
      },
      "2": {
        "name": "(anonymous_4)",
        "decl": {
          "start": {
            "line": 21,
            "column": 2
          },
          "end": {
            "line": 21,
            "column": 6
          }
        },
        "loc": {
          "start": {
            "line": 21,
            "column": 19
          },
          "end": {
            "line": 23,
            "column": 3
          }
        }
      },
      "3": {
        "name": "(anonymous_5)",
        "decl": {
          "start": {
            "line": 26,
            "column": 55
          },
          "end": {
            "line": null,
            "column": -1
          }
        },
        "loc": {
          "start": {
            "line": 26,
            "column": 55
          },
          "end": {
            "line": 31,
            "column": 1
          }
        }
      }
    },
    "branchMap": {},
    "s": {
      "0": 1,
      "1": 1,
      "2": 1,
      "3": 1,
      "4": 1,
      "5": 1,
      "6": 1,
      "7": 1,
      "8": 1,
      "9": 1,
      "10": 1
    },
    "f": {
      "0": 1,
      "1": 1,
      "2": 1,
      "3": 1
    },
    "b": {}
  },
  "/Users/menduz/code/metaverse-rpc/scenarios/10.Throttling.spec.ts": {
    "path": "/Users/menduz/code/metaverse-rpc/scenarios/10.Throttling.spec.ts",
    "statementMap": {
      "0": {
        "start": {
          "line": 5,
          "column": 0
        },
        "end": {
          "line": 14,
          "column": 1
        }
      },
      "1": {
        "start": {
          "line": 6,
          "column": 10
        },
        "end": {
          "line": 6,
          "column": 27
        }
      },
      "2": {
        "start": {
          "line": 11,
          "column": 4
        },
        "end": {
          "line": 11,
          "column": 47
        }
      },
      "3": {
        "start": {
          "line": 12,
          "column": 4
        },
        "end": {
          "line": 12,
          "column": 16
        }
      },
      "4": {
        "start": {
          "line": 10,
          "column": 2
        },
        "end": {
          "line": 13,
          "column": 3
        }
      },
      "5": {
        "start": {
          "line": 5,
          "column": 13
        },
        "end": {
          "line": 14,
          "column": 1
        }
      },
      "6": {
        "start": {
          "line": 16,
          "column": 0
        },
        "end": {
          "line": 21,
          "column": 2
        }
      },
      "7": {
        "start": {
          "line": 17,
          "column": 2
        },
        "end": {
          "line": 20,
          "column": 4
        }
      }
    },
    "fnMap": {
      "0": {
        "name": "(anonymous_2)",
        "decl": {
          "start": {
            "line": 4,
            "column": 0
          },
          "end": {
            "line": null,
            "column": -1
          }
        },
        "loc": {
          "start": {
            "line": 4,
            "column": 0
          },
          "end": {
            "line": 14,
            "column": 1
          }
        }
      },
      "1": {
        "name": "(anonymous_3)",
        "decl": {
          "start": {
            "line": 10,
            "column": 2
          },
          "end": {
            "line": 10,
            "column": 6
          }
        },
        "loc": {
          "start": {
            "line": 10,
            "column": 36
          },
          "end": {
            "line": 13,
            "column": 3
          }
        }
      },
      "2": {
        "name": "(anonymous_4)",
        "decl": {
          "start": {
            "line": 16,
            "column": 23
          },
          "end": {
            "line": null,
            "column": -1
          }
        },
        "loc": {
          "start": {
            "line": 16,
            "column": 23
          },
          "end": {
            "line": 21,
            "column": 1
          }
        }
      }
    },
    "branchMap": {},
    "s": {
      "0": 1,
      "1": 1,
      "2": 16,
      "3": 16,
      "4": 1,
      "5": 1,
      "6": 1,
      "7": 1
    },
    "f": {
      "0": 1,
      "1": 16,
      "2": 1
    },
    "b": {}
  },
  "/Users/menduz/code/metaverse-rpc/scenarios/11.X.spec.ts": {
    "path": "/Users/menduz/code/metaverse-rpc/scenarios/11.X.spec.ts",
    "statementMap": {
      "0": {
        "start": {
          "line": 10,
          "column": 4
        },
        "end": {
          "line": 10,
          "column": 11
        }
      },
      "1": {
        "start": {
          "line": 7,
          "column": 2
        },
        "end": {
          "line": 7,
          "column": 19
        }
      },
      "2": {
        "start": {
          "line": 11,
          "column": 16
        },
        "end": {
          "line": 11,
          "column": 66
        }
      },
      "3": {
        "start": {
          "line": 13,
          "column": 4
        },
        "end": {
          "line": 15,
          "column": 6
        }
      },
      "4": {
        "start": {
          "line": 14,
          "column": 6
        },
        "end": {
          "line": 14,
          "column": 57
        }
      },
      "5": {
        "start": {
          "line": 17,
          "column": 4
        },
        "end": {
          "line": 19,
          "column": 6
        }
      },
      "6": {
        "start": {
          "line": 18,
          "column": 6
        },
        "end": {
          "line": 18,
          "column": 18
        }
      },
      "7": {
        "start": {
          "line": 21,
          "column": 4
        },
        "end": {
          "line": 23,
          "column": 11
        }
      },
      "8": {
        "start": {
          "line": 22,
          "column": 6
        },
        "end": {
          "line": 22,
          "column": 29
        }
      },
      "9": {
        "start": {
          "line": 27,
          "column": 4
        },
        "end": {
          "line": 27,
          "column": 64
        }
      },
      "10": {
        "start": {
          "line": 31,
          "column": 4
        },
        "end": {
          "line": 33,
          "column": 5
        }
      },
      "11": {
        "start": {
          "line": 32,
          "column": 6
        },
        "end": {
          "line": 32,
          "column": 64
        }
      },
      "12": {
        "start": {
          "line": 38,
          "column": 0
        },
        "end": {
          "line": 69,
          "column": 1
        }
      },
      "13": {
        "start": {
          "line": 43,
          "column": 4
        },
        "end": {
          "line": 43,
          "column": 15
        }
      },
      "14": {
        "start": {
          "line": 40,
          "column": 10
        },
        "end": {
          "line": 40,
          "column": 49
        }
      },
      "15": {
        "start": {
          "line": 44,
          "column": 4
        },
        "end": {
          "line": 44,
          "column": 39
        }
      },
      "16": {
        "start": {
          "line": 46,
          "column": 4
        },
        "end": {
          "line": 48,
          "column": 6
        }
      },
      "17": {
        "start": {
          "line": 47,
          "column": 6
        },
        "end": {
          "line": 47,
          "column": 45
        }
      },
      "18": {
        "start": {
          "line": 53,
          "column": 4
        },
        "end": {
          "line": 53,
          "column": 27
        }
      },
      "19": {
        "start": {
          "line": 58,
          "column": 20
        },
        "end": {
          "line": 60,
          "column": 6
        }
      },
      "20": {
        "start": {
          "line": 59,
          "column": 6
        },
        "end": {
          "line": 59,
          "column": 69
        }
      },
      "21": {
        "start": {
          "line": 62,
          "column": 4
        },
        "end": {
          "line": 62,
          "column": 31
        }
      },
      "22": {
        "start": {
          "line": 67,
          "column": 4
        },
        "end": {
          "line": 67,
          "column": 94
        }
      },
      "23": {
        "start": {
          "line": 67,
          "column": 36
        },
        "end": {
          "line": 67,
          "column": 59
        }
      },
      "24": {
        "start": {
          "line": 67,
          "column": 80
        },
        "end": {
          "line": 67,
          "column": 93
        }
      },
      "25": {
        "start": {
          "line": 52,
          "column": 2
        },
        "end": {
          "line": 54,
          "column": 3
        }
      },
      "26": {
        "start": {
          "line": 57,
          "column": 2
        },
        "end": {
          "line": 63,
          "column": 3
        }
      },
      "27": {
        "start": {
          "line": 66,
          "column": 2
        },
        "end": {
          "line": 68,
          "column": 3
        }
      },
      "28": {
        "start": {
          "line": 38,
          "column": 13
        },
        "end": {
          "line": 69,
          "column": 1
        }
      },
      "29": {
        "start": {
          "line": 71,
          "column": 0
        },
        "end": {
          "line": 81,
          "column": 2
        }
      },
      "30": {
        "start": {
          "line": 72,
          "column": 2
        },
        "end": {
          "line": 75,
          "column": 4
        }
      },
      "31": {
        "start": {
          "line": 77,
          "column": 2
        },
        "end": {
          "line": 80,
          "column": 4
        }
      }
    },
    "fnMap": {
      "0": {
        "name": "(anonymous_2)",
        "decl": {
          "start": {
            "line": 9,
            "column": 2
          },
          "end": {
            "line": null,
            "column": -1
          }
        },
        "loc": {
          "start": {
            "line": 9,
            "column": 2
          },
          "end": {
            "line": 24,
            "column": 3
          }
        }
      },
      "1": {
        "name": "(anonymous_3)",
        "decl": {
          "start": {
            "line": 13,
            "column": 41
          },
          "end": {
            "line": 13,
            "column": 42
          }
        },
        "loc": {
          "start": {
            "line": 13,
            "column": 45
          },
          "end": {
            "line": 15,
            "column": 5
          }
        }
      },
      "2": {
        "name": "(anonymous_4)",
        "decl": {
          "start": {
            "line": 17,
            "column": 27
          },
          "end": {
            "line": 17,
            "column": 29
          }
        },
        "loc": {
          "start": {
            "line": 17,
            "column": 32
          },
          "end": {
            "line": 19,
            "column": 5
          }
        }
      },
      "3": {
        "name": "(anonymous_5)",
        "decl": {
          "start": {
            "line": 21,
            "column": 16
          },
          "end": {
            "line": 21,
            "column": 18
          }
        },
        "loc": {
          "start": {
            "line": 21,
            "column": 21
          },
          "end": {
            "line": 23,
            "column": 5
          }
        }
      },
      "4": {
        "name": "(anonymous_6)",
        "decl": {
          "start": {
            "line": 26,
            "column": 2
          },
          "end": {
            "line": 26,
            "column": 12
          }
        },
        "loc": {
          "start": {
            "line": 26,
            "column": 43
          },
          "end": {
            "line": 28,
            "column": 3
          }
        }
      },
      "5": {
        "name": "(anonymous_7)",
        "decl": {
          "start": {
            "line": 30,
            "column": 2
          },
          "end": {
            "line": 30,
            "column": 14
          }
        },
        "loc": {
          "start": {
            "line": 30,
            "column": 29
          },
          "end": {
            "line": 34,
            "column": 3
          }
        }
      },
      "6": {
        "name": "(anonymous_8)",
        "decl": {
          "start": {
            "line": 42,
            "column": 2
          },
          "end": {
            "line": 42,
            "column": 13
          }
        },
        "loc": {
          "start": {
            "line": 42,
            "column": 30
          },
          "end": {
            "line": 49,
            "column": 3
          }
        }
      },
      "7": {
        "name": "(anonymous_9)",
        "decl": {
          "start": {
            "line": 46,
            "column": 32
          },
          "end": {
            "line": 46,
            "column": 33
          }
        },
        "loc": {
          "start": {
            "line": 46,
            "column": 46
          },
          "end": {
            "line": 48,
            "column": 5
          }
        }
      },
      "8": {
        "name": "(anonymous_10)",
        "decl": {
          "start": {
            "line": 52,
            "column": 2
          },
          "end": {
            "line": 52,
            "column": 6
          }
        },
        "loc": {
          "start": {
            "line": 52,
            "column": 30
          },
          "end": {
            "line": 54,
            "column": 3
          }
        }
      },
      "9": {
        "name": "(anonymous_11)",
        "decl": {
          "start": {
            "line": 57,
            "column": 2
          },
          "end": {
            "line": 57,
            "column": 6
          }
        },
        "loc": {
          "start": {
            "line": 57,
            "column": 31
          },
          "end": {
            "line": 63,
            "column": 3
          }
        }
      },
      "10": {
        "name": "(anonymous_12)",
        "decl": {
          "start": {
            "line": 58,
            "column": 44
          },
          "end": {
            "line": 58,
            "column": 45
          }
        },
        "loc": {
          "start": {
            "line": 58,
            "column": 55
          },
          "end": {
            "line": 60,
            "column": 5
          }
        }
      },
      "11": {
        "name": "(anonymous_13)",
        "decl": {
          "start": {
            "line": 66,
            "column": 2
          },
          "end": {
            "line": 66,
            "column": 6
          }
        },
        "loc": {
          "start": {
            "line": 66,
            "column": 33
          },
          "end": {
            "line": 68,
            "column": 3
          }
        }
      },
      "12": {
        "name": "(anonymous_14)",
        "decl": {
          "start": {
            "line": 67,
            "column": 25
          },
          "end": {
            "line": 67,
            "column": 31
          }
        },
        "loc": {
          "start": {
            "line": 67,
            "column": 36
          },
          "end": {
            "line": 67,
            "column": 59
          }
        }
      },
      "13": {
        "name": "(anonymous_15)",
        "decl": {
          "start": {
            "line": 67,
            "column": 69
          },
          "end": {
            "line": 67,
            "column": 75
          }
        },
        "loc": {
          "start": {
            "line": 67,
            "column": 80
          },
          "end": {
            "line": 67,
            "column": 93
          }
        }
      },
      "14": {
        "name": "(anonymous_16)",
        "decl": {
          "start": {
            "line": 71,
            "column": 28
          },
          "end": {
            "line": null,
            "column": -1
          }
        },
        "loc": {
          "start": {
            "line": 71,
            "column": 28
          },
          "end": {
            "line": 81,
            "column": 1
          }
        }
      }
    },
    "branchMap": {
      "0": {
        "loc": {
          "start": {
            "line": 27,
            "column": 29
          },
          "end": {
            "line": 27,
            "column": 58
          }
        },
        "type": "cond-expr",
        "locations": [
          {
            "start": {
              "line": 27,
              "column": 29
            },
            "end": {
              "line": 27,
              "column": 58
            }
          },
          {
            "start": {
              "line": 27,
              "column": 61
            },
            "end": {
              "line": 27,
              "column": 63
            }
          }
        ]
      },
      "1": {
        "loc": {
          "start": {
            "line": 31,
            "column": 4
          },
          "end": {
            "line": 33,
            "column": 5
          }
        },
        "type": "if",
        "locations": [
          {
            "start": {
              "line": 31,
              "column": 4
            },
            "end": {
              "line": 33,
              "column": 5
            }
          },
          {
            "start": {
              "line": 31,
              "column": 4
            },
            "end": {
              "line": 33,
              "column": 5
            }
          }
        ]
      }
    },
    "s": {
      "0": 2,
      "1": 2,
      "2": 2,
      "3": 2,
      "4": 347,
      "5": 2,
      "6": 347,
      "7": 2,
      "8": 181,
      "9": 347,
      "10": 2,
      "11": 0,
      "12": 1,
      "13": 2,
      "14": 2,
      "15": 2,
      "16": 2,
      "17": 2,
      "18": 2,
      "19": 2,
      "20": 347,
      "21": 2,
      "22": 0,
      "23": 0,
      "24": 0,
      "25": 1,
      "26": 1,
      "27": 1,
      "28": 1,
      "29": 1,
      "30": 1,
      "31": 1
    },
    "f": {
      "0": 2,
      "1": 347,
      "2": 347,
      "3": 181,
      "4": 347,
      "5": 2,
      "6": 2,
      "7": 2,
      "8": 2,
      "9": 2,
      "10": 347,
      "11": 0,
      "12": 0,
      "13": 0,
      "14": 1
    },
    "b": {
      "0": [
        347,
        0
      ],
      "1": [
        0,
        2
      ]
    }
  }
}